This is pdfTeX, Version 3.14159265-2.6-1.40.21 (TeX Live 2020/W32TeX) (preloaded format=pdflatex 2020.6.1)  15 MAY 2021 18:15
entering extended mode
 restricted \write18 enabled.
 %&-line parsing enabled.
**artigo
(./artigo.tex
LaTeX2e <2020-02-02> patch level 5
L3 programming layer <2020-03-06>
(d:/Arquivos de Programas/TeXLive/2020/texmf-dist/tex/latex/base/article.cls
Document Class: article 2019/12/20 v1.4l Standard LaTeX document class
(d:/Arquivos de Programas/TeXLive/2020/texmf-dist/tex/latex/base/size12.clo
File: size12.clo 2019/12/20 v1.4l Standard LaTeX file (size option)
)
\c@part=\count167
\c@section=\count168
\c@subsection=\count169
\c@subsubsection=\count170
\c@paragraph=\count171
\c@subparagraph=\count172
\c@figure=\count173
\c@table=\count174
\abovecaptionskip=\skip47
\belowcaptionskip=\skip48
\bibindent=\dimen134
)
(d:/Arquivos de Programas/TeXLive/2020/texmf-dist/tex/generic/babel/babel.sty
Package: babel 2020/03/22 3.42 The Babel package

(d:/Arquivos de Programas/TeXLive/2020/texmf-dist/tex/generic/babel/switch.def
File: switch.def 2020/03/22 3.42 Babel switching mechanism
)
(d:/Arquivos de Programas/TeXLive/2020/texmf-dist/tex/generic/babel-portuges/br
azilian.ldf
Language: portuges 2020/05/04 v1.2r Portuguese support from the babel system

(d:/Arquivos de Programas/TeXLive/2020/texmf-dist/tex/generic/babel/babel.def
File: babel.def 2020/03/22 3.42 Babel common definitions
\babel@savecnt=\count175
\U@D=\dimen135

(d:/Arquivos de Programas/TeXLive/2020/texmf-dist/tex/generic/babel/txtbabel.de
f)
\bbl@readstream=\read2
\bbl@dirlevel=\count176
)
Package babel Info: \l@brazilian = using hyphenrules for portuguese
(babel)             (\language15) on input line 111.
Package babel Info: Making " an active character on input line 143.
))
(d:/Arquivos de Programas/TeXLive/2020/texmf-dist/tex/latex/base/inputenc.sty
Package: inputenc 2018/08/11 v1.3c Input encoding file
\inpenc@prehook=\toks15
\inpenc@posthook=\toks16
)
(d:/Arquivos de Programas/TeXLive/2020/texmf-dist/tex/latex/base/fontenc.sty
Package: fontenc 2020/02/11 v2.0o Standard LaTeX package
)
(d:/Arquivos de Programas/TeXLive/2020/texmf-dist/tex/latex/url/url.sty
\Urlmuskip=\muskip16
Package: url 2013/09/16  ver 3.4  Verb mode for urls, etc.
)
(d:/Arquivos de Programas/TeXLive/2020/texmf-dist/tex/latex/biblatex/biblatex.s
ty
Package: biblatex 2019/12/01 v3.14 programmable bibliographies (PK/MW)

(d:/Arquivos de Programas/TeXLive/2020/texmf-dist/tex/latex/pdftexcmds/pdftexcm
ds.sty
Package: pdftexcmds 2019/11/24 v0.31 Utility functions of pdfTeX for LuaTeX (HO
)

(d:/Arquivos de Programas/TeXLive/2020/texmf-dist/tex/generic/infwarerr/infware
rr.sty
Package: infwarerr 2019/12/03 v1.5 Providing info/warning/error messages (HO)
)
(d:/Arquivos de Programas/TeXLive/2020/texmf-dist/tex/generic/iftex/iftex.sty
Package: iftex 2020/03/06 v1.0d TeX engine tests
)
(d:/Arquivos de Programas/TeXLive/2020/texmf-dist/tex/generic/ltxcmds/ltxcmds.s
ty
Package: ltxcmds 2019/12/15 v1.24 LaTeX kernel commands for general use (HO)
)
Package pdftexcmds Info: \pdf@primitive is available.
Package pdftexcmds Info: \pdf@ifprimitive is available.
Package pdftexcmds Info: \pdfdraftmode found.
)
(d:/Arquivos de Programas/TeXLive/2020/texmf-dist/tex/latex/etoolbox/etoolbox.s
ty
Package: etoolbox 2019/09/21 v2.5h e-TeX tools for LaTeX (JAW)
\etb@tempcnta=\count177
)
(d:/Arquivos de Programas/TeXLive/2020/texmf-dist/tex/latex/graphics/keyval.sty
Package: keyval 2014/10/28 v1.15 key=value parser (DPC)
\KV@toks@=\toks17
)
(d:/Arquivos de Programas/TeXLive/2020/texmf-dist/tex/latex/kvoptions/kvoptions
.sty
Package: kvoptions 2019/11/29 v3.13 Key value format for package options (HO)

(d:/Arquivos de Programas/TeXLive/2020/texmf-dist/tex/generic/kvsetkeys/kvsetke
ys.sty
Package: kvsetkeys 2019/12/15 v1.18 Key value parser (HO)
))
(d:/Arquivos de Programas/TeXLive/2020/texmf-dist/tex/latex/logreq/logreq.sty
Package: logreq 2010/08/04 v1.0 xml request logger
\lrq@indent=\count178

(d:/Arquivos de Programas/TeXLive/2020/texmf-dist/tex/latex/logreq/logreq.def
File: logreq.def 2010/08/04 v1.0 logreq spec v1.0
)) (d:/Arquivos de Programas/TeXLive/2020/texmf-dist/tex/latex/base/ifthen.sty
Package: ifthen 2014/09/29 v1.1c Standard LaTeX ifthen package (DPC)
)
\c@tabx@nest=\count179
\c@listtotal=\count180
\c@listcount=\count181
\c@liststart=\count182
\c@liststop=\count183
\c@citecount=\count184
\c@citetotal=\count185
\c@multicitecount=\count186
\c@multicitetotal=\count187
\c@instcount=\count188
\c@maxnames=\count189
\c@minnames=\count190
\c@maxitems=\count191
\c@minitems=\count192
\c@citecounter=\count193
\c@maxcitecounter=\count194
\c@savedcitecounter=\count195
\c@uniquelist=\count196
\c@uniquename=\count197
\c@refsection=\count198
\c@refsegment=\count199
\c@maxextratitle=\count266
\c@maxextratitleyear=\count267
\c@maxextraname=\count268
\c@maxextradate=\count269
\c@maxextraalpha=\count270
\c@abbrvpenalty=\count271
\c@highnamepenalty=\count272
\c@lownamepenalty=\count273
\c@maxparens=\count274
\c@parenlevel=\count275
\blx@tempcnta=\count276
\blx@tempcntb=\count277
\blx@tempcntc=\count278
\blx@maxsection=\count279
\blx@maxsegment@0=\count280
\blx@notetype=\count281
\blx@parenlevel@text=\count282
\blx@parenlevel@foot=\count283
\blx@sectionciteorder@0=\count284
\blx@entrysetcounter=\count285
\labelnumberwidth=\skip49
\labelalphawidth=\skip50
\biblabelsep=\skip51
\bibitemsep=\skip52
\bibnamesep=\skip53
\bibinitsep=\skip54
\bibparsep=\skip55
\bibhang=\skip56
\blx@bcfin=\read3
\blx@bcfout=\write3
\blx@langwohyphens=\language16
\c@mincomprange=\count286
\c@maxcomprange=\count287
\c@mincompwidth=\count288
Package biblatex Info: Trying to load biblatex default data model...
Package biblatex Info: ... file 'blx-dm.def' found.

(d:/Arquivos de Programas/TeXLive/2020/texmf-dist/tex/latex/biblatex/blx-dm.def
File: blx-dm.def 2019/12/01 v3.14 biblatex localization (PK/MW)
)
Package biblatex Info: Trying to load biblatex style data model...
Package biblatex Info: ... file 'abnt.dbx' not found.
Package biblatex Info: Trying to load biblatex custom data model...
Package biblatex Info: ... file 'biblatex-dm.cfg' not found.
\c@afterword=\count289
\c@savedafterword=\count290
\c@annotator=\count291
\c@savedannotator=\count292
\c@author=\count293
\c@savedauthor=\count294
\c@bookauthor=\count295
\c@savedbookauthor=\count296
\c@commentator=\count297
\c@savedcommentator=\count298
\c@editor=\count299
\c@savededitor=\count300
\c@editora=\count301
\c@savededitora=\count302
\c@editorb=\count303
\c@savededitorb=\count304
\c@editorc=\count305
\c@savededitorc=\count306
\c@foreword=\count307
\c@savedforeword=\count308
\c@holder=\count309
\c@savedholder=\count310
\c@introduction=\count311
\c@savedintroduction=\count312
\c@namea=\count313
\c@savednamea=\count314
\c@nameb=\count315
\c@savednameb=\count316
\c@namec=\count317
\c@savednamec=\count318
\c@translator=\count319
\c@savedtranslator=\count320
\c@shortauthor=\count321
\c@savedshortauthor=\count322
\c@shorteditor=\count323
\c@savedshorteditor=\count324
\c@labelname=\count325
\c@savedlabelname=\count326
\c@institution=\count327
\c@savedinstitution=\count328
\c@lista=\count329
\c@savedlista=\count330
\c@listb=\count331
\c@savedlistb=\count332
\c@listc=\count333
\c@savedlistc=\count334
\c@listd=\count335
\c@savedlistd=\count336
\c@liste=\count337
\c@savedliste=\count338
\c@listf=\count339
\c@savedlistf=\count340
\c@location=\count341
\c@savedlocation=\count342
\c@organization=\count343
\c@savedorganization=\count344
\c@origlocation=\count345
\c@savedoriglocation=\count346
\c@origpublisher=\count347
\c@savedorigpublisher=\count348
\c@publisher=\count349
\c@savedpublisher=\count350
\c@language=\count351
\c@savedlanguage=\count352
\c@origlanguage=\count353
\c@savedoriglanguage=\count354
\c@pageref=\count355
\c@savedpageref=\count356
\shorthandwidth=\skip57
\shortjournalwidth=\skip58
\shortserieswidth=\skip59
\shorttitlewidth=\skip60
\shortauthorwidth=\skip61
\shorteditorwidth=\skip62
\locallabelnumberwidth=\skip63
\locallabelalphawidth=\skip64
\localshorthandwidth=\skip65
\localshortjournalwidth=\skip66
\localshortserieswidth=\skip67
\localshorttitlewidth=\skip68
\localshortauthorwidth=\skip69
\localshorteditorwidth=\skip70
Package biblatex Info: Trying to load compatibility code...
Package biblatex Info: ... file 'blx-compat.def' found.

(d:/Arquivos de Programas/TeXLive/2020/texmf-dist/tex/latex/biblatex/blx-compat
.def
File: blx-compat.def 2019/12/01 v3.14 biblatex compatibility (PK/MW)
)
Package biblatex Info: Trying to load generic definitions...
Package biblatex Info: ... file 'biblatex.def' found.

(d:/Arquivos de Programas/TeXLive/2020/texmf-dist/tex/latex/biblatex/biblatex.d
ef
File: biblatex.def 2019/12/01 v3.14 biblatex compatibility (PK/MW)
\c@textcitecount=\count357
\c@textcitetotal=\count358
\c@textcitemaxnames=\count359
\c@biburlbigbreakpenalty=\count360
\c@biburlbreakpenalty=\count361
\c@biburlnumpenalty=\count362
\c@biburlucpenalty=\count363
\c@biburllcpenalty=\count364
\biburlbigskip=\muskip17
\biburlnumskip=\muskip18
\biburlucskip=\muskip19
\biburllcskip=\muskip20
\c@smartand=\count365
)
Package biblatex Info: Trying to load bibliography style 'abnt'...
Package biblatex Info: ... file 'abnt.bbx' found.

(d:/Arquivos de Programas/TeXLive/2020/texmf-dist/tex/latex/biblatex-abnt/abnt.
bbx
File: abnt.bbx 2018-11-17 v3.4 ABNT BibLaTeX citation style

(d:/Arquivos de Programas/TeXLive/2020/texmf-dist/tex/latex/l3packages/xparse/x
parse.sty
(d:/Arquivos de Programas/TeXLive/2020/texmf-dist/tex/latex/l3kernel/expl3.sty
Package: expl3 2020-03-06 L3 programming layer (loader) 

(d:/Arquivos de Programas/TeXLive/2020/texmf-dist/tex/latex/l3backend/l3backend
-pdfmode.def
File: l3backend-pdfmode.def 2020-03-12 L3 backend support: PDF mode
\l__kernel_color_stack_int=\count366
\l__pdf_internal_box=\box45
))
Package: xparse 2020-03-06 L3 Experimental document command parser
\l__xparse_current_arg_int=\count367
\g__xparse_grabber_int=\count368
\l__xparse_m_args_int=\count369
\l__xparse_v_nesting_int=\count370
)
(d:/Arquivos de Programas/TeXLive/2020/texmf-dist/tex/latex/xpatch/xpatch.sty
Package: xpatch 2020/03/25 v0.3a Extending etoolbox patching commands
)
Package biblatex Info: Trying to load bibliography style 'standard'...
Package biblatex Info: ... file 'standard.bbx' found.

(d:/Arquivos de Programas/TeXLive/2020/texmf-dist/tex/latex/biblatex/bbx/standa
rd.bbx
File: standard.bbx 2019/12/01 v3.14 biblatex bibliography style (PK/MW)
\c@bbx:relatedcount=\count371
\c@bbx:relatedtotal=\count372
))
Package biblatex Info: Trying to load citation style 'abnt'...
Package biblatex Info: ... file 'abnt.cbx' found.

(d:/Arquivos de Programas/TeXLive/2020/texmf-dist/tex/latex/biblatex-abnt/abnt.
cbx
File: abnt.cbx 2018-11-17 v3.4 ABNT BibLaTeX citation style
Package biblatex Info: Trying to load citation style 'authoryear-comp'...
Package biblatex Info: ... file 'authoryear-comp.cbx' found.

(d:/Arquivos de Programas/TeXLive/2020/texmf-dist/tex/latex/biblatex/cbx/author
year-comp.cbx
File: authoryear-comp.cbx 2019/12/01 v3.14 biblatex citation style (PK/MW)
Package biblatex Info: Redefining '\cite'.
Package biblatex Info: Redefining '\parencite'.
Package biblatex Info: Redefining '\footcite'.
Package biblatex Info: Redefining '\footcitetext'.
Package biblatex Info: Redefining '\smartcite'.
Package biblatex Info: Redefining '\textcite'.
Package biblatex Info: Redefining '\textcites'.
Package biblatex Info: Redefining '\cites'.
Package biblatex Info: Redefining '\parencites'.
Package biblatex Info: Redefining '\footcites'.
Package biblatex Info: Redefining '\footcitetexts'.
Package biblatex Info: Redefining '\smartcites'.
)
Package biblatex Info: Redefining '\cite'.
Package biblatex Info: Redefining '\cites'.
Package biblatex Info: Redefining '\footcite'.
Package biblatex Info: Redefining '\footcites'.
Package biblatex Info: Redefining '\citetitle'.
Package biblatex Info: Redefining '\smartcite'.
Package biblatex Info: Redefining '\citeauthor'.
Package biblatex Info: Redefining '\citeyear'.
)
Package biblatex Info: Trying to load configuration file...
Package biblatex Info: ... file 'biblatex.cfg' found.

(d:/Arquivos de Programas/TeXLive/2020/texmf-dist/tex/latex/biblatex/biblatex.c
fg
File: biblatex.cfg 
))
(d:/Arquivos de Programas/TeXLive/2020/texmf-dist/tex/latex/csquotes/csquotes.s
ty
Package: csquotes 2019-12-06 v5.2j context-sensitive quotations (JAW)
\csq@reset=\count373
\csq@gtype=\count374
\csq@glevel=\count375
\csq@qlevel=\count376
\csq@maxlvl=\count377
\csq@tshold=\count378
\csq@ltx@everypar=\toks18

(d:/Arquivos de Programas/TeXLive/2020/texmf-dist/tex/latex/csquotes/csquotes.d
ef
File: csquotes.def 2019-12-06 v5.2j csquotes generic definitions (JAW)
)
Package csquotes Info: Trying to load configuration file 'csquotes.cfg'...
Package csquotes Info: ... configuration file loaded successfully.

(d:/Arquivos de Programas/TeXLive/2020/texmf-dist/tex/latex/csquotes/csquotes.c
fg
File: csquotes.cfg 
))
(d:/Arquivos de Programas/TeXLive/2020/texmf-dist/tex/latex/preprint/authblk.st
y
Package: authblk 2001/02/27 1.3 (PWD)
\affilsep=\skip71
\@affilsep=\skip72
\c@Maxaffil=\count379
\c@authors=\count380
\c@affil=\count381
)
(d:/Arquivos de Programas/TeXLive/2020/texmf-dist/tex/latex/geometry/geometry.s
ty
Package: geometry 2020/01/02 v5.9 Page Geometry

(d:/Arquivos de Programas/TeXLive/2020/texmf-dist/tex/generic/iftex/ifvtex.sty
Package: ifvtex 2019/10/25 v1.7 ifvtex legacy package. Use iftex instead.
)
\Gm@cnth=\count382
\Gm@cntv=\count383
\c@Gm@tempcnt=\count384
\Gm@bindingoffset=\dimen136
\Gm@wd@mp=\dimen137
\Gm@odd@mp=\dimen138
\Gm@even@mp=\dimen139
\Gm@layoutwidth=\dimen140
\Gm@layoutheight=\dimen141
\Gm@layouthoffset=\dimen142
\Gm@layoutvoffset=\dimen143
\Gm@dimlist=\toks19
)
(d:/Arquivos de Programas/TeXLive/2020/texmf-dist/tex/latex/setspace/setspace.s
ty
Package: setspace 2011/12/19 v6.7a set line spacing
)
(d:/Arquivos de Programas/TeXLive/2020/texmf-dist/tex/latex/multirow/multirow.s
ty
Package: multirow 2019/05/31 v2.5 Span multiple rows of a table
\multirow@colwidth=\skip73
\multirow@cntb=\count385
\multirow@dima=\skip74
\bigstrutjot=\dimen144
)
(d:/Arquivos de Programas/TeXLive/2020/texmf-dist/tex/latex/listings/listings.s
ty
\lst@mode=\count386
\lst@gtempboxa=\box46
\lst@token=\toks20
\lst@length=\count387
\lst@currlwidth=\dimen145
\lst@column=\count388
\lst@pos=\count389
\lst@lostspace=\dimen146
\lst@width=\dimen147
\lst@newlines=\count390
\lst@lineno=\count391
\lst@maxwidth=\dimen148

(d:/Arquivos de Programas/TeXLive/2020/texmf-dist/tex/latex/listings/lstmisc.st
y
File: lstmisc.sty 2020/03/24 1.8d (Carsten Heinz)
\c@lstnumber=\count392
\lst@skipnumbers=\count393
\lst@framebox=\box47
)
(d:/Arquivos de Programas/TeXLive/2020/texmf-dist/tex/latex/listings/listings.c
fg
File: listings.cfg 2020/03/24 1.8d listings configuration
))
Package: listings 2020/03/24 1.8d (Carsten Heinz)
Package csquotes Info: Checking for multilingual support...
Package csquotes Info: ... found 'babel' package.
Package csquotes Info: Adjusting default style.
Package csquotes Info: Redefining alias 'default' -> 'brazilian'.
 (./artigo.aux)
\openout1 = `artigo.aux'.

LaTeX Font Info:    Checking defaults for OML/cmm/m/it on input line 23.
LaTeX Font Info:    ... okay on input line 23.
LaTeX Font Info:    Checking defaults for OMS/cmsy/m/n on input line 23.
LaTeX Font Info:    ... okay on input line 23.
LaTeX Font Info:    Checking defaults for OT1/cmr/m/n on input line 23.
LaTeX Font Info:    ... okay on input line 23.
LaTeX Font Info:    Checking defaults for T1/cmr/m/n on input line 23.
LaTeX Font Info:    ... okay on input line 23.
LaTeX Font Info:    Checking defaults for TS1/cmr/m/n on input line 23.
LaTeX Font Info:    ... okay on input line 23.
LaTeX Font Info:    Checking defaults for OMX/cmex/m/n on input line 23.
LaTeX Font Info:    ... okay on input line 23.
LaTeX Font Info:    Checking defaults for U/cmr/m/n on input line 23.
LaTeX Font Info:    ... okay on input line 23.
Package biblatex Info: Trying to load language 'brazilian' -> 'brazilian-abnt'.
..
Package biblatex Info: ... file 'brazilian-abnt.lbx' found.

(d:/Arquivos de Programas/TeXLive/2020/texmf-dist/tex/latex/biblatex-abnt/brazi
lian-abnt.lbx
File: brazilian-abnt.lbx 2018-11-17 v3.4 ABNT BibLaTeX citation style
Package biblatex Info: Trying to load language 'brazilian'...
Package biblatex Info: ... file 'brazilian.lbx' found.

(d:/Arquivos de Programas/TeXLive/2020/texmf-dist/tex/latex/biblatex/lbx/brazil
ian.lbx
File: brazilian.lbx 2019/12/01 v3.14 biblatex localization (PK/MW)
)
Package biblatex Info: Trying to load language 'brazilian'...
Package biblatex Info: ... file 'brazilian.lbx' found.

(d:/Arquivos de Programas/TeXLive/2020/texmf-dist/tex/latex/biblatex/lbx/brazil
ian.lbx
File: brazilian.lbx 2019/12/01 v3.14 biblatex localization (PK/MW)
)
Package biblatex Info: Trying to load language 'brazil' -> 'brazil-abnt'...
Package biblatex Info: ... file 'brazil-abnt.lbx' found.

(d:/Arquivos de Programas/TeXLive/2020/texmf-dist/tex/latex/biblatex-abnt/brazi
l-abnt.lbx
File: brazil-abnt.lbx 2018-11-17 v3.4 ABNT BibLaTeX citation style


Package biblatex Warning: File 'brazilian-abnt-abnt.lbx' not found!
(biblatex)                Ignoring mapping 'brazilian-abnt' -> 'brazilian-abnt-
abnt'.

Package biblatex Info: Trying to load language 'brazilian-abnt'...
Package biblatex Info: ... file 'brazilian-abnt.lbx' found.

(d:/Arquivos de Programas/TeXLive/2020/texmf-dist/tex/latex/biblatex-abnt/brazi
lian-abnt.lbx
File: brazilian-abnt.lbx 2018-11-17 v3.4 ABNT BibLaTeX citation style
Package biblatex Info: Trying to load language 'brazilian'...
Package biblatex Info: ... file 'brazilian.lbx' found.

(d:/Arquivos de Programas/TeXLive/2020/texmf-dist/tex/latex/biblatex/lbx/brazil
ian.lbx
File: brazilian.lbx 2019/12/01 v3.14 biblatex localization (PK/MW)
)
Package biblatex Info: Trying to load language 'brazil'...
Package biblatex Info: ... file 'brazil.lbx' found.

(d:/Arquivos de Programas/TeXLive/2020/texmf-dist/tex/latex/biblatex/lbx/brazil
.lbx
File: brazil.lbx 2019/12/01 v3.14 biblatex localization (PK/MW)
Package biblatex Info: Trying to load language 'brazilian'...
Package biblatex Info: ... file 'brazilian.lbx' found.

(d:/Arquivos de Programas/TeXLive/2020/texmf-dist/tex/latex/biblatex/lbx/brazil
ian.lbx
File: brazilian.lbx 2019/12/01 v3.14 biblatex localization (PK/MW)
)))))
Package biblatex Info: Input encoding 'utf8' detected.
Package biblatex Info: Automatic encoding selection.
(biblatex)             Assuming data encoding 'utf8'.
\openout3 = `artigo.bcf'.

Package biblatex Info: Trying to load bibliographic data...
Package biblatex Info: ... file 'artigo.bbl' found.
 (./artigo.bbl)
Package biblatex Info: Reference section=0 on input line 23.
Package biblatex Info: Reference segment=0 on input line 23.

*geometry* driver: auto-detecting
*geometry* detected driver: pdftex
*geometry* verbose mode - [ preamble ] result:
* driver: pdftex
* paper: a4paper
* layout: <same size as paper>
* layoutoffset:(h,v)=(0.0pt,0.0pt)
* modes: 
* h-part:(L,W,R)=(85.35826pt, 455.24411pt, 56.9055pt)
* v-part:(T,H,B)=(85.35826pt, 702.78308pt, 56.9055pt)
* \paperwidth=597.50787pt
* \paperheight=845.04684pt
* \textwidth=455.24411pt
* \textheight=702.78308pt
* \oddsidemargin=13.08827pt
* \evensidemargin=13.08827pt
* \topmargin=-23.91173pt
* \headheight=12.0pt
* \headsep=25.0pt
* \topskip=12.0pt
* \footskip=30.0pt
* \marginparwidth=35.0pt
* \marginparsep=10.0pt
* \columnsep=10.0pt
* \skip\footins=10.8pt plus 4.0pt minus 2.0pt
* \hoffset=0.0pt
* \voffset=0.0pt
* \mag=1000
* \@twocolumnfalse
* \@twosidefalse
* \@mparswitchfalse
* \@reversemarginfalse
* (1in=72.27pt=25.4mm, 1cm=28.453pt)

\c@lstlisting=\count394
[1

{d:/Arquivos de Programas/TeXLive/2020/texmf-var/fonts/map/pdftex/updmap/pdftex
.map}] [1]
LaTeX Font Info:    Trying to load font information for T1+cmtt on input line 8
7.

(d:/Arquivos de Programas/TeXLive/2020/texmf-dist/tex/latex/base/t1cmtt.fd
File: t1cmtt.fd 2019/12/16 v2.5j Standard LaTeX font definitions
)
LaTeX Font Info:    External font `cmex10' loaded for size
(Font)              <12> on input line 87.
LaTeX Font Info:    External font `cmex10' loaded for size
(Font)              <8> on input line 87.
LaTeX Font Info:    External font `cmex10' loaded for size
(Font)              <6> on input line 87.

[2] [3] (./artigo.aux)
Package logreq Info: Writing requests to 'artigo.run.xml'.
\openout1 = `artigo.run.xml'.

 ) 
Here is how much of TeX's memory you used:
 12150 strings out of 482368
 222830 string characters out of 5943575
 910062 words of memory out of 5000000
 27711 multiletter control sequences out of 15000+600000
 540696 words of font info for 41 fonts, out of 8000000 for 9000
 83 hyphenation exceptions out of 8191
 55i,4n,60p,812b,3669s stack positions out of 5000i,500n,10000p,200000b,80000s
{d:/Arquivos de Programas/TeXLive/2020/texmf-dist/fonts/enc/dvips/cm-super/cm
-super-t1.enc}<d:/Arquivos de Programas/TeXLive/2020/texmf-dist/fonts/type1/pub
lic/cm-super/sfbx1200.pfb><d:/Arquivos de Programas/TeXLive/2020/texmf-dist/fon
ts/type1/public/cm-super/sfbx1728.pfb><d:/Arquivos de Programas/TeXLive/2020/te
xmf-dist/fonts/type1/public/cm-super/sfrm1200.pfb><d:/Arquivos de Programas/TeX
Live/2020/texmf-dist/fonts/type1/public/cm-super/sfrm1440.pfb><d:/Arquivos de P
rogramas/TeXLive/2020/texmf-dist/fonts/type1/public/cm-super/sfrm2074.pfb><d:/A
rquivos de Programas/TeXLive/2020/texmf-dist/fonts/type1/public/cm-super/sfti12
00.pfb><d:/Arquivos de Programas/TeXLive/2020/texmf-dist/fonts/type1/public/cm-
super/sftt1200.pfb>
Output written on artigo.pdf (4 pages, 159199 bytes).
PDF statistics:
 46 PDF objects out of 1000 (max. 8388607)
 32 compressed objects within 1 object stream
 0 named destinations out of 1000 (max. 500000)
 1 words of extra memory for PDF output out of 10000 (max. 10000000)

